Analysis & Synthesis report for top
Wed Apr 15 10:58:38 2026
Quartus Prime Version 25.1std.0 Build 1129 10/21/2025 SC Lite Edition


---------------------
; Table of Contents ;
---------------------
  1. Legal Notice
  2. Analysis & Synthesis Summary
  3. Analysis & Synthesis Settings
  4. Parallel Compilation
  5. Analysis & Synthesis Source Files Read
  6. Analysis & Synthesis Resource Usage Summary
  7. Analysis & Synthesis Resource Utilization by Entity
  8. User-Specified and Inferred Latches
  9. General Register Statistics
 10. Multiplexer Restructuring Statistics (Restructuring Performed)
 11. Port Connectivity Checks: "cpu:my_cpu|alu_4b:alu|cla4bitadd:adder|fulladder:adder0"
 12. Port Connectivity Checks: "cpu:my_cpu|alu_4b:alu|cla4bitadd:adder"
 13. Post-Synthesis Netlist Statistics for Top Partition
 14. Elapsed Time Per Partition
 15. Analysis & Synthesis Messages



----------------
; Legal Notice ;
----------------
Copyright (C) 2025  Altera Corporation. All rights reserved.
Your use of Altera Corporation's design tools, logic functions 
and other software and tools, and any partner logic 
functions, and any output files from any of the foregoing 
(including device programming or simulation files), and any 
associated documentation or information are expressly subject 
to the terms and conditions of the Altera Program License 
Subscription Agreement, the Altera Quartus Prime License Agreement,
the Altera IP License Agreement, or other applicable license
agreement, including, without limitation, that your use is for
the sole purpose of programming logic devices manufactured by
Altera and sold by Altera or its authorized distributors.  Please
refer to the Altera Software License Subscription Agreements 
on the Quartus Prime software download page.



+--------------------------------------------------------------------------------------+
; Analysis & Synthesis Summary                                                         ;
+------------------------------------+-------------------------------------------------+
; Analysis & Synthesis Status        ; Successful - Wed Apr 15 10:58:38 2026           ;
; Quartus Prime Version              ; 25.1std.0 Build 1129 10/21/2025 SC Lite Edition ;
; Revision Name                      ; top                                             ;
; Top-level Entity Name              ; fsm                                             ;
; Family                             ; MAX 10                                          ;
; Total logic elements               ; 43                                              ;
;     Total combinational functions  ; 39                                              ;
;     Dedicated logic registers      ; 16                                              ;
; Total registers                    ; 16                                              ;
; Total pins                         ; 17                                              ;
; Total virtual pins                 ; 0                                               ;
; Total memory bits                  ; 0                                               ;
; Embedded Multiplier 9-bit elements ; 0                                               ;
; Total PLLs                         ; 0                                               ;
; UFM blocks                         ; 0                                               ;
; ADC blocks                         ; 0                                               ;
+------------------------------------+-------------------------------------------------+


+------------------------------------------------------------------------------------------------------------+
; Analysis & Synthesis Settings                                                                              ;
+------------------------------------------------------------------+--------------------+--------------------+
; Option                                                           ; Setting            ; Default Value      ;
+------------------------------------------------------------------+--------------------+--------------------+
; Device                                                           ; 10M50DAF484C6GES   ;                    ;
; Top-level entity name                                            ; fsm                ; top                ;
; Family name                                                      ; MAX 10             ; Cyclone V          ;
; Use smart compilation                                            ; Off                ; Off                ;
; Enable parallel Assembler and Timing Analyzer during compilation ; On                 ; On                 ;
; Enable compact report table                                      ; Off                ; Off                ;
; Restructure Multiplexers                                         ; Auto               ; Auto               ;
; Create Debugging Nodes for IP Cores                              ; Off                ; Off                ;
; Preserve fewer node names                                        ; On                 ; On                 ;
; Intel FPGA IP Evaluation Mode                                    ; Enable             ; Enable             ;
; Verilog Version                                                  ; Verilog_2001       ; Verilog_2001       ;
; VHDL Version                                                     ; VHDL_1993          ; VHDL_1993          ;
; State Machine Processing                                         ; Auto               ; Auto               ;
; Safe State Machine                                               ; Off                ; Off                ;
; Extract Verilog State Machines                                   ; On                 ; On                 ;
; Extract VHDL State Machines                                      ; On                 ; On                 ;
; Ignore Verilog initial constructs                                ; Off                ; Off                ;
; Iteration limit for constant Verilog loops                       ; 5000               ; 5000               ;
; Iteration limit for non-constant Verilog loops                   ; 250                ; 250                ;
; Add Pass-Through Logic to Inferred RAMs                          ; On                 ; On                 ;
; Infer RAMs from Raw Logic                                        ; On                 ; On                 ;
; Parallel Synthesis                                               ; On                 ; On                 ;
; DSP Block Balancing                                              ; Auto               ; Auto               ;
; NOT Gate Push-Back                                               ; On                 ; On                 ;
; Power-Up Don't Care                                              ; On                 ; On                 ;
; Remove Redundant Logic Cells                                     ; Off                ; Off                ;
; Remove Duplicate Registers                                       ; On                 ; On                 ;
; Ignore CARRY Buffers                                             ; Off                ; Off                ;
; Ignore CASCADE Buffers                                           ; Off                ; Off                ;
; Ignore GLOBAL Buffers                                            ; Off                ; Off                ;
; Ignore ROW GLOBAL Buffers                                        ; Off                ; Off                ;
; Ignore LCELL Buffers                                             ; Off                ; Off                ;
; Ignore SOFT Buffers                                              ; On                 ; On                 ;
; Limit AHDL Integers to 32 Bits                                   ; Off                ; Off                ;
; Optimization Technique                                           ; Balanced           ; Balanced           ;
; Carry Chain Length                                               ; 70                 ; 70                 ;
; Auto Carry Chains                                                ; On                 ; On                 ;
; Auto Open-Drain Pins                                             ; On                 ; On                 ;
; Perform WYSIWYG Primitive Resynthesis                            ; Off                ; Off                ;
; Auto ROM Replacement                                             ; On                 ; On                 ;
; Auto RAM Replacement                                             ; On                 ; On                 ;
; Auto DSP Block Replacement                                       ; On                 ; On                 ;
; Auto Shift Register Replacement                                  ; Auto               ; Auto               ;
; Allow Shift Register Merging across Hierarchies                  ; Auto               ; Auto               ;
; Auto Clock Enable Replacement                                    ; On                 ; On                 ;
; Strict RAM Replacement                                           ; Off                ; Off                ;
; Allow Synchronous Control Signals                                ; On                 ; On                 ;
; Force Use of Synchronous Clear Signals                           ; Off                ; Off                ;
; Auto RAM Block Balancing                                         ; On                 ; On                 ;
; Auto RAM to Logic Cell Conversion                                ; Off                ; Off                ;
; Auto Resource Sharing                                            ; Off                ; Off                ;
; Allow Any RAM Size For Recognition                               ; Off                ; Off                ;
; Allow Any ROM Size For Recognition                               ; Off                ; Off                ;
; Allow Any Shift Register Size For Recognition                    ; Off                ; Off                ;
; Use LogicLock Constraints during Resource Balancing              ; On                 ; On                 ;
; Ignore translate_off and synthesis_off directives                ; Off                ; Off                ;
; Timing-Driven Synthesis                                          ; On                 ; On                 ;
; Report Parameter Settings                                        ; On                 ; On                 ;
; Report Source Assignments                                        ; On                 ; On                 ;
; Report Connectivity Checks                                       ; On                 ; On                 ;
; Ignore Maximum Fan-Out Assignments                               ; Off                ; Off                ;
; Synchronization Register Chain Length                            ; 2                  ; 2                  ;
; Power Optimization During Synthesis                              ; Normal compilation ; Normal compilation ;
; HDL message level                                                ; Level2             ; Level2             ;
; Suppress Register Optimization Related Messages                  ; Off                ; Off                ;
; Number of Removed Registers Reported in Synthesis Report         ; 5000               ; 5000               ;
; Number of Swept Nodes Reported in Synthesis Report               ; 5000               ; 5000               ;
; Number of Inverted Registers Reported in Synthesis Report        ; 100                ; 100                ;
; Clock MUX Protection                                             ; On                 ; On                 ;
; Auto Gated Clock Conversion                                      ; Off                ; Off                ;
; Block Design Naming                                              ; Auto               ; Auto               ;
; SDC constraint protection                                        ; Off                ; Off                ;
; Synthesis Effort                                                 ; Auto               ; Auto               ;
; Shift Register Replacement - Allow Asynchronous Clear Signal     ; On                 ; On                 ;
; Pre-Mapping Resynthesis Optimization                             ; Off                ; Off                ;
; Analysis & Synthesis Message Level                               ; Medium             ; Medium             ;
; Disable Register Merging Across Hierarchies                      ; Auto               ; Auto               ;
; Resource Aware Inference For Block RAM                           ; On                 ; On                 ;
+------------------------------------------------------------------+--------------------+--------------------+


+------------------------------------------+
; Parallel Compilation                     ;
+----------------------------+-------------+
; Processors                 ; Number      ;
+----------------------------+-------------+
; Number detected on machine ; 24          ;
; Maximum allowed            ; 16          ;
;                            ;             ;
; Average used               ; 1.00        ;
; Maximum used               ; 16          ;
;                            ;             ;
; Usage by Processor         ; % Time Used ;
;     Processor 1            ; 100.0%      ;
;     Processors 2-16        ;   0.0%      ;
+----------------------------+-------------+


+-------------------------------------------------------------------------------------------------------------------------------------------------+
; Analysis & Synthesis Source Files Read                                                                                                          ;
+----------------------------------+-----------------+------------------------+---------------------------------------------------------+---------+
; File Name with User-Entered Path ; Used in Netlist ; File Type              ; File Name with Absolute Path                            ; Library ;
+----------------------------------+-----------------+------------------------+---------------------------------------------------------+---------+
; ../hdl/halfadder.v               ; yes             ; User Verilog HDL File  ; C:/Users/thyse/ECE3700Labs/lab_5/hdl/halfadder.v        ;         ;
; ../hdl/fulladder.v               ; yes             ; User Verilog HDL File  ; C:/Users/thyse/ECE3700Labs/lab_5/hdl/fulladder.v        ;         ;
; ../hdl/fsm.v                     ; yes             ; User Verilog HDL File  ; C:/Users/thyse/ECE3700Labs/lab_5/hdl/fsm.v              ;         ;
; ../hdl/tristate_4b.v             ; yes             ; User Verilog HDL File  ; C:/Users/thyse/ECE3700Labs/lab_5/hdl/tristate_4b.v      ;         ;
; ../hdl/register_4b.v             ; yes             ; User Verilog HDL File  ; C:/Users/thyse/ECE3700Labs/lab_5/hdl/register_4b.v      ;         ;
; ../hdl/cpu.v                     ; yes             ; User Verilog HDL File  ; C:/Users/thyse/ECE3700Labs/lab_5/hdl/cpu.v              ;         ;
; ../hdl/cla4bitadd.v              ; yes             ; User Verilog HDL File  ; C:/Users/thyse/ECE3700Labs/lab_5/hdl/cla4bitadd.v       ;         ;
; ../hdl/bcd_to_seven_seg.v        ; yes             ; User Verilog HDL File  ; C:/Users/thyse/ECE3700Labs/lab_5/hdl/bcd_to_seven_seg.v ;         ;
; ../hdl/alu_4b.v                  ; yes             ; User Verilog HDL File  ; C:/Users/thyse/ECE3700Labs/lab_5/hdl/alu_4b.v           ;         ;
+----------------------------------+-----------------+------------------------+---------------------------------------------------------+---------+


+-----------------------------------------------------------+
; Analysis & Synthesis Resource Usage Summary               ;
+---------------------------------------------+-------------+
; Resource                                    ; Usage       ;
+---------------------------------------------+-------------+
; Estimated Total logic elements              ; 43          ;
;                                             ;             ;
; Total combinational functions               ; 39          ;
; Logic element usage by number of LUT inputs ;             ;
;     -- 4 input functions                    ; 30          ;
;     -- 3 input functions                    ; 8           ;
;     -- <=2 input functions                  ; 1           ;
;                                             ;             ;
; Logic elements by mode                      ;             ;
;     -- normal mode                          ; 39          ;
;     -- arithmetic mode                      ; 0           ;
;                                             ;             ;
; Total registers                             ; 16          ;
;     -- Dedicated logic registers            ; 16          ;
;     -- I/O registers                        ; 0           ;
;                                             ;             ;
; I/O pins                                    ; 17          ;
;                                             ;             ;
; Embedded Multiplier 9-bit elements          ; 0           ;
;                                             ;             ;
; Maximum fan-out node                        ; reset~input ;
; Maximum fan-out                             ; 17          ;
; Total fan-out                               ; 231         ;
; Average fan-out                             ; 2.60        ;
+---------------------------------------------+-------------+


+----------------------------------------------------------------------------------------------------------------------------------------------------------------------------------------------------------------------------------------------------------------------------+
; Analysis & Synthesis Resource Utilization by Entity                                                                                                                                                                                                                        ;
+---------------------------------------+---------------------+---------------------------+-------------+------------+--------------+---------+-----------+------+--------------+------------+-----------------------------------------------+----------------+--------------+
; Compilation Hierarchy Node            ; Combinational ALUTs ; Dedicated Logic Registers ; Memory Bits ; UFM Blocks ; DSP Elements ; DSP 9x9 ; DSP 18x18 ; Pins ; Virtual Pins ; ADC blocks ; Full Hierarchy Name                           ; Entity Name    ; Library Name ;
+---------------------------------------+---------------------+---------------------------+-------------+------------+--------------+---------+-----------+------+--------------+------------+-----------------------------------------------+----------------+--------------+
; |fsm                                  ; 39 (15)             ; 16 (4)                    ; 0           ; 0          ; 0            ; 0       ; 0         ; 17   ; 0            ; 0          ; |fsm                                          ; fsm            ; work         ;
;    |cpu:my_cpu|                       ; 24 (8)              ; 12 (0)                    ; 0           ; 0          ; 0            ; 0       ; 0         ; 0    ; 0            ; 0          ; |fsm|cpu:my_cpu                               ; cpu            ; work         ;
;       |alu_4b:alu|                    ; 9 (8)               ; 0 (0)                     ; 0           ; 0          ; 0            ; 0       ; 0         ; 0    ; 0            ; 0          ; |fsm|cpu:my_cpu|alu_4b:alu                    ; alu_4b         ; work         ;
;          |cla4bitadd:adder|           ; 1 (1)               ; 0 (0)                     ; 0           ; 0          ; 0            ; 0       ; 0         ; 0    ; 0            ; 0          ; |fsm|cpu:my_cpu|alu_4b:alu|cla4bitadd:adder   ; cla4bitadd     ; work         ;
;       |bcd_to_sev_seg:num_to_sev_seg| ; 7 (7)               ; 0 (0)                     ; 0           ; 0          ; 0            ; 0       ; 0         ; 0    ; 0            ; 0          ; |fsm|cpu:my_cpu|bcd_to_sev_seg:num_to_sev_seg ; bcd_to_sev_seg ; work         ;
;       |register_4b:r1|                ; 0 (0)               ; 4 (4)                     ; 0           ; 0          ; 0            ; 0       ; 0         ; 0    ; 0            ; 0          ; |fsm|cpu:my_cpu|register_4b:r1                ; register_4b    ; work         ;
;       |register_4b:r2|                ; 0 (0)               ; 4 (4)                     ; 0           ; 0          ; 0            ; 0       ; 0         ; 0    ; 0            ; 0          ; |fsm|cpu:my_cpu|register_4b:r2                ; register_4b    ; work         ;
;       |register_4b:r_out|             ; 0 (0)               ; 4 (4)                     ; 0           ; 0          ; 0            ; 0       ; 0         ; 0    ; 0            ; 0          ; |fsm|cpu:my_cpu|register_4b:r_out             ; register_4b    ; work         ;
+---------------------------------------+---------------------+---------------------------+-------------+------------+--------------+---------+-----------+------+--------------+------------+-----------------------------------------------+----------------+--------------+
Note: For table entries with two numbers listed, the numbers in parentheses indicate the number of resources of the given type used by the specific entity alone. The numbers listed outside of parentheses indicate the total resources of the given type used by the specific entity and all of its sub-entities in the hierarchy.


+---------------------------------------------------------------------------------------------------+
; User-Specified and Inferred Latches                                                               ;
+----------------------------------------------------+---------------------+------------------------+
; Latch Name                                         ; Latch Enable Signal ; Free of Timing Hazards ;
+----------------------------------------------------+---------------------+------------------------+
; alu_ctrl[1]                                        ; Mux2                ; yes                    ;
; alu_ctrl[0]                                        ; Mux2                ; yes                    ;
; Number of user-specified and inferred latches = 2  ;                     ;                        ;
+----------------------------------------------------+---------------------+------------------------+
Note: All latches listed above may not be present at the end of synthesis due to various synthesis optimizations.


+------------------------------------------------------+
; General Register Statistics                          ;
+----------------------------------------------+-------+
; Statistic                                    ; Value ;
+----------------------------------------------+-------+
; Total registers                              ; 16    ;
; Number of registers using Synchronous Clear  ; 1     ;
; Number of registers using Synchronous Load   ; 0     ;
; Number of registers using Asynchronous Clear ; 12    ;
; Number of registers using Asynchronous Load  ; 0     ;
; Number of registers using Clock Enable       ; 12    ;
; Number of registers using Preset             ; 0     ;
+----------------------------------------------+-------+


+--------------------------------------------------------------------------------------------------------------------------------------------------------+
; Multiplexer Restructuring Statistics (Restructuring Performed)                                                                                         ;
+--------------------+-----------+---------------+----------------------+------------------------+------------+------------------------------------------+
; Multiplexer Inputs ; Bus Width ; Baseline Area ; Area if Restructured ; Saving if Restructured ; Registered ; Example Multiplexer Output               ;
+--------------------+-----------+---------------+----------------------+------------------------+------------+------------------------------------------+
; 4:1                ; 3 bits    ; 6 LEs         ; 6 LEs                ; 0 LEs                  ; Yes        ; |fsm|cpu:my_cpu|register_4b:r_out|out[1] ;
; 3:1                ; 4 bits    ; 8 LEs         ; 4 LEs                ; 4 LEs                  ; Yes        ; |fsm|current_state[3]                    ;
; 3:1                ; 2 bits    ; 4 LEs         ; 4 LEs                ; 0 LEs                  ; No         ; |fsm|cpu:my_cpu|bus[2]                   ;
; 17:1               ; 2 bits    ; 22 LEs        ; 8 LEs                ; 14 LEs                 ; No         ; |fsm|cpu:my_cpu|bus[0]                   ;
+--------------------+-----------+---------------+----------------------+------------------------+------------+------------------------------------------+


+----------------------------------------------------------------------------------------------------------------+
; Port Connectivity Checks: "cpu:my_cpu|alu_4b:alu|cla4bitadd:adder|fulladder:adder0"                            ;
+------+--------+----------+-------------------------------------------------------------------------------------+
; Port ; Type   ; Severity ; Details                                                                             ;
+------+--------+----------+-------------------------------------------------------------------------------------+
; cout ; Output ; Info     ; Connected to dangling logic. Logic that only feeds a dangling port will be removed. ;
+------+--------+----------+-------------------------------------------------------------------------------------+


+------------------------------------------------------------------------------------------------------------------------------------------------------------------------------------------------------------------+
; Port Connectivity Checks: "cpu:my_cpu|alu_4b:alu|cla4bitadd:adder"                                                                                                                                               ;
+---------+--------+----------+------------------------------------------------------------------------------------------------------------------------------------------------------------------------------------+
; Port    ; Type   ; Severity ; Details                                                                                                                                                                            ;
+---------+--------+----------+------------------------------------------------------------------------------------------------------------------------------------------------------------------------------------+
; cin     ; Input  ; Warning  ; Input port expression (32 bits) is wider than the input port (1 bits) it drives.  The 31 most-significant bit(s) in the expression will be dangling if they have no other fanouts. ;
; cin[-1] ; Input  ; Info     ; Stuck at GND                                                                                                                                                                       ;
; cout    ; Output ; Info     ; Connected to dangling logic. Logic that only feeds a dangling port will be removed.                                                                                                ;
+---------+--------+----------+------------------------------------------------------------------------------------------------------------------------------------------------------------------------------------+


+-----------------------------------------------------+
; Post-Synthesis Netlist Statistics for Top Partition ;
+-----------------------+-----------------------------+
; Type                  ; Count                       ;
+-----------------------+-----------------------------+
; boundary_port         ; 17                          ;
; cycloneiii_ff         ; 16                          ;
;     ENA CLR           ; 12                          ;
;     SCLR              ; 1                           ;
;     plain             ; 3                           ;
; cycloneiii_lcell_comb ; 40                          ;
;     normal            ; 40                          ;
;         1 data inputs ; 1                           ;
;         2 data inputs ; 1                           ;
;         3 data inputs ; 8                           ;
;         4 data inputs ; 30                          ;
;                       ;                             ;
; Max LUT depth         ; 4.00                        ;
; Average LUT depth     ; 2.20                        ;
+-----------------------+-----------------------------+


+-------------------------------+
; Elapsed Time Per Partition    ;
+----------------+--------------+
; Partition Name ; Elapsed Time ;
+----------------+--------------+
; Top            ; 00:00:00     ;
+----------------+--------------+


+-------------------------------+
; Analysis & Synthesis Messages ;
+-------------------------------+
Info: *******************************************************************
Info: Running Quartus Prime Analysis & Synthesis
    Info: Version 25.1std.0 Build 1129 10/21/2025 SC Lite Edition
    Info: Processing started: Wed Apr 15 10:58:31 2026
Info: Command: quartus_map --read_settings_files=on --write_settings_files=off lab_5 -c top
Warning (18236): Number of processors has not been specified which may cause overloading on shared machines.  Set the global assignment NUM_PARALLEL_PROCESSORS in your QSF to an appropriate value for best performance.
Info (20030): Parallel compilation is enabled and will use 16 of the 24 processors detected
Info (12021): Found 1 design units, including 1 entities, in source file /users/thyse/ece3700labs/lab_5/hdl/halfadder.v
    Info (12023): Found entity 1: halfadder File: C:/Users/thyse/ECE3700Labs/lab_5/hdl/halfadder.v Line: 1
Info (12021): Found 1 design units, including 1 entities, in source file /users/thyse/ece3700labs/lab_5/hdl/fulladder.v
    Info (12023): Found entity 1: fulladder File: C:/Users/thyse/ECE3700Labs/lab_5/hdl/fulladder.v Line: 1
Info (12021): Found 0 design units, including 0 entities, in source file /users/thyse/ece3700labs/lab_5/hdl/top.v
Info (12021): Found 1 design units, including 1 entities, in source file /users/thyse/ece3700labs/lab_5/hdl/fsm.v
    Info (12023): Found entity 1: fsm File: C:/Users/thyse/ECE3700Labs/lab_5/hdl/fsm.v Line: 1
Info (12021): Found 1 design units, including 1 entities, in source file /users/thyse/ece3700labs/lab_5/hdl/tristate_4b.v
    Info (12023): Found entity 1: tristate_4b File: C:/Users/thyse/ECE3700Labs/lab_5/hdl/tristate_4b.v Line: 1
Warning (12019): Can't analyze file -- file ../hdl/test.v is missing
Info (12021): Found 1 design units, including 1 entities, in source file /users/thyse/ece3700labs/lab_5/hdl/register_4b.v
    Info (12023): Found entity 1: register_4b File: C:/Users/thyse/ECE3700Labs/lab_5/hdl/register_4b.v Line: 1
Info (12021): Found 1 design units, including 1 entities, in source file /users/thyse/ece3700labs/lab_5/hdl/cpu.v
    Info (12023): Found entity 1: cpu File: C:/Users/thyse/ECE3700Labs/lab_5/hdl/cpu.v Line: 1
Info (12021): Found 1 design units, including 1 entities, in source file /users/thyse/ece3700labs/lab_5/hdl/cla4bitadd.v
    Info (12023): Found entity 1: cla4bitadd File: C:/Users/thyse/ECE3700Labs/lab_5/hdl/cla4bitadd.v Line: 1
Info (12021): Found 1 design units, including 1 entities, in source file /users/thyse/ece3700labs/lab_5/hdl/bcd_to_seven_seg.v
    Info (12023): Found entity 1: bcd_to_sev_seg File: C:/Users/thyse/ECE3700Labs/lab_5/hdl/bcd_to_seven_seg.v Line: 1
Info (12021): Found 1 design units, including 1 entities, in source file /users/thyse/ece3700labs/lab_5/hdl/alu_4b.v
    Info (12023): Found entity 1: alu_4b File: C:/Users/thyse/ECE3700Labs/lab_5/hdl/alu_4b.v Line: 1
Info (12127): Elaborating entity "fsm" for the top level hierarchy
Warning (10240): Verilog HDL Always Construct warning at fsm.v(39): inferring latch(es) for variable "alu_ctrl", which holds its previous value in one or more paths through the always construct File: C:/Users/thyse/ECE3700Labs/lab_5/hdl/fsm.v Line: 39
Info (10041): Inferred latch for "alu_ctrl[0]" at fsm.v(39) File: C:/Users/thyse/ECE3700Labs/lab_5/hdl/fsm.v Line: 39
Info (10041): Inferred latch for "alu_ctrl[1]" at fsm.v(39) File: C:/Users/thyse/ECE3700Labs/lab_5/hdl/fsm.v Line: 39
Info (12128): Elaborating entity "cpu" for hierarchy "cpu:my_cpu" File: C:/Users/thyse/ECE3700Labs/lab_5/hdl/fsm.v Line: 36
Info (12128): Elaborating entity "tristate_4b" for hierarchy "cpu:my_cpu|tristate_4b:in_tri" File: C:/Users/thyse/ECE3700Labs/lab_5/hdl/cpu.v Line: 19
Info (12128): Elaborating entity "register_4b" for hierarchy "cpu:my_cpu|register_4b:r1" File: C:/Users/thyse/ECE3700Labs/lab_5/hdl/cpu.v Line: 27
Info (12128): Elaborating entity "alu_4b" for hierarchy "cpu:my_cpu|alu_4b:alu" File: C:/Users/thyse/ECE3700Labs/lab_5/hdl/cpu.v Line: 42
Info (12128): Elaborating entity "cla4bitadd" for hierarchy "cpu:my_cpu|alu_4b:alu|cla4bitadd:adder" File: C:/Users/thyse/ECE3700Labs/lab_5/hdl/alu_4b.v Line: 17
Info (12128): Elaborating entity "fulladder" for hierarchy "cpu:my_cpu|alu_4b:alu|cla4bitadd:adder|fulladder:adder0" File: C:/Users/thyse/ECE3700Labs/lab_5/hdl/cla4bitadd.v Line: 25
Info (12128): Elaborating entity "halfadder" for hierarchy "cpu:my_cpu|alu_4b:alu|cla4bitadd:adder|fulladder:adder0|halfadder:ha1" File: C:/Users/thyse/ECE3700Labs/lab_5/hdl/fulladder.v Line: 16
Info (12128): Elaborating entity "bcd_to_sev_seg" for hierarchy "cpu:my_cpu|bcd_to_sev_seg:num_to_sev_seg" File: C:/Users/thyse/ECE3700Labs/lab_5/hdl/cpu.v Line: 61
Warning (13046): Tri-state node(s) do not directly drive top-level pin(s)
    Warning (13048): Converted tri-state node "cpu:my_cpu|bus[3]" into a selector File: C:/Users/thyse/ECE3700Labs/lab_5/hdl/register_4b.v Line: 12
    Warning (13048): Converted tri-state node "cpu:my_cpu|bus[2]" into a selector File: C:/Users/thyse/ECE3700Labs/lab_5/hdl/register_4b.v Line: 12
    Warning (13048): Converted tri-state node "cpu:my_cpu|bus[1]" into a selector File: C:/Users/thyse/ECE3700Labs/lab_5/hdl/register_4b.v Line: 12
    Warning (13048): Converted tri-state node "cpu:my_cpu|bus[0]" into a selector File: C:/Users/thyse/ECE3700Labs/lab_5/hdl/register_4b.v Line: 12
Warning (12241): 1 hierarchies have connectivity warnings - see the Connectivity Checks report folder
Warning (13012): Latch alu_ctrl[1] has unsafe behavior File: C:/Users/thyse/ECE3700Labs/lab_5/hdl/fsm.v Line: 39
    Warning (13013): Ports D and ENA on the latch are fed by the same signal current_state[0] File: C:/Users/thyse/ECE3700Labs/lab_5/hdl/fsm.v Line: 12
Warning (13012): Latch alu_ctrl[0] has unsafe behavior File: C:/Users/thyse/ECE3700Labs/lab_5/hdl/fsm.v Line: 39
    Warning (13013): Ports D and ENA on the latch are fed by the same signal current_state[0] File: C:/Users/thyse/ECE3700Labs/lab_5/hdl/fsm.v Line: 12
Info (286030): Timing-Driven Synthesis is running
Info (16010): Generating hard_block partition "hard_block:auto_generated_inst"
    Info (16011): Adding 0 node(s), including 0 DDIO, 0 PLL, 0 transceiver and 0 LCELL
Info (21057): Implemented 64 device resources after synthesis - the final resource count might be different
    Info (21058): Implemented 6 input pins
    Info (21059): Implemented 11 output pins
    Info (21061): Implemented 47 logic cells
Info: Quartus Prime Analysis & Synthesis was successful. 0 errors, 13 warnings
    Info: Peak virtual memory: 4871 megabytes
    Info: Processing ended: Wed Apr 15 10:58:38 2026
    Info: Elapsed time: 00:00:07
    Info: Total CPU time (on all processors): 00:00:20


